<?xml version="1.0" encoding="UTF-8" ?>
<testsuite failures="1" time="0.084" errors="0" skipped="0" tests="1" name="dw.spring3.rest.bean.EmployeeTest">
  <properties>
    <property name="java.runtime.name" value="Java(TM) SE Runtime Environment"/>
    <property name="sun.boot.library.path" value="/home/g2/opt/jdk1.6.0_20/jre/lib/i386"/>
    <property name="java.vm.version" value="16.3-b01"/>
    <property name="java.vm.vendor" value="Sun Microsystems Inc."/>
    <property name="java.vendor.url" value="http://java.sun.com/"/>
    <property name="path.separator" value=":"/>
    <property name="java.vm.name" value="Java HotSpot(TM) Server VM"/>
    <property name="file.encoding.pkg" value="sun.io"/>
    <property name="user.country" value="US"/>
    <property name="sun.java.launcher" value="SUN_STANDARD"/>
    <property name="sun.os.patch.level" value="unknown"/>
    <property name="java.vm.specification.name" value="Java Virtual Machine Specification"/>
    <property name="user.dir" value="/home/g2/project/org/local/java/spring-restful-app-mvn/spring-restful-app-mvn"/>
    <property name="java.runtime.version" value="1.6.0_20-b02"/>
    <property name="java.awt.graphicsenv" value="sun.awt.X11GraphicsEnvironment"/>
    <property name="basedir" value="/home/g2/project/org/local/java/spring-restful-app-mvn/spring-restful-app-mvn"/>
    <property name="java.endorsed.dirs" value="/home/g2/opt/jdk1.6.0_20/jre/lib/endorsed"/>
    <property name="os.arch" value="i386"/>
    <property name="surefire.real.class.path" value="/tmp/surefirebooter7478701380485445801.jar"/>
    <property name="java.io.tmpdir" value="/tmp"/>
    <property name="line.separator" value="
"/>
    <property name="java.vm.specification.vendor" value="Sun Microsystems Inc."/>
    <property name="os.name" value="Linux"/>
    <property name="sun.jnu.encoding" value="UTF-8"/>
    <property name="java.library.path" value="/home/g2/opt/jdk1.6.0_20/jre/lib/i386/server:/home/g2/opt/jdk1.6.0_20/jre/lib/i386:/home/g2/opt/jdk1.6.0_20/jre/../lib/i386:/home/g2/opt/jdk1.6.0_20/jre/lib/i386/client:/home/g2/opt/jdk1.6.0_20/jre/lib/i386:/usr/lib/xulrunner-addons:/usr/lib/xulrunner-addons:/usr/java/packages/lib/i386:/lib:/usr/lib"/>
    <property name="surefire.test.class.path" value="/home/g2/project/org/local/java/spring-restful-app-mvn/spring-restful-app-mvn/target/test-classes:/home/g2/project/org/local/java/spring-restful-app-mvn/spring-restful-app-mvn/target/classes:/home/g2/.m2/repository/org/springframework/spring-context/3.0.3.RELEASE/spring-context-3.0.3.RELEASE.jar:/home/g2/.m2/repository/org/springframework/spring-aop/3.0.3.RELEASE/spring-aop-3.0.3.RELEASE.jar:/home/g2/.m2/repository/aopalliance/aopalliance/1.0/aopalliance-1.0.jar:/home/g2/.m2/repository/org/springframework/spring-asm/3.0.3.RELEASE/spring-asm-3.0.3.RELEASE.jar:/home/g2/.m2/repository/org/springframework/spring-beans/3.0.3.RELEASE/spring-beans-3.0.3.RELEASE.jar:/home/g2/.m2/repository/org/springframework/spring-core/3.0.3.RELEASE/spring-core-3.0.3.RELEASE.jar:/home/g2/.m2/repository/org/springframework/spring-expression/3.0.3.RELEASE/spring-expression-3.0.3.RELEASE.jar:/home/g2/.m2/repository/org/springframework/spring-webmvc/3.0.3.RELEASE/spring-webmvc-3.0.3.RELEASE.jar:/home/g2/.m2/repository/org/springframework/spring-context-support/3.0.3.RELEASE/spring-context-support-3.0.3.RELEASE.jar:/home/g2/.m2/repository/org/springframework/spring-web/3.0.3.RELEASE/spring-web-3.0.3.RELEASE.jar:/home/g2/.m2/repository/org/springframework/spring-oxm/3.0.3.RELEASE/spring-oxm-3.0.3.RELEASE.jar:/home/g2/.m2/repository/org/slf4j/slf4j-api/1.5.10/slf4j-api-1.5.10.jar:/home/g2/.m2/repository/org/slf4j/jcl-over-slf4j/1.5.10/jcl-over-slf4j-1.5.10.jar:/home/g2/.m2/repository/org/slf4j/slf4j-log4j12/1.5.10/slf4j-log4j12-1.5.10.jar:/home/g2/.m2/repository/log4j/log4j/1.2.16/log4j-1.2.16.jar:/home/g2/.m2/repository/javax/validation/validation-api/1.0.0.GA/validation-api-1.0.0.GA.jar:/home/g2/.m2/repository/org/hibernate/hibernate-validator/4.0.2.GA/hibernate-validator-4.0.2.GA.jar:/home/g2/.m2/repository/javax/xml/bind/jaxb-api/2.1/jaxb-api-2.1.jar:/home/g2/.m2/repository/javax/xml/stream/stax-api/1.0-2/stax-api-1.0-2.jar:/home/g2/.m2/repository/javax/activation/activation/1.1/activation-1.1.jar:/home/g2/.m2/repository/com/sun/xml/bind/jaxb-impl/2.1.3/jaxb-impl-2.1.3.jar:/home/g2/.m2/repository/joda-time/joda-time/1.6/joda-time-1.6.jar:/home/g2/.m2/repository/joda-time/joda-time-jsptags/1.0.2/joda-time-jsptags-1.0.2.jar:/home/g2/.m2/repository/org/tuckey/urlrewritefilter/3.1.0/urlrewritefilter-3.1.0.jar:/home/g2/.m2/repository/javax/servlet/servlet-api/2.5/servlet-api-2.5.jar:/home/g2/.m2/repository/javax/servlet/jsp/jsp-api/2.1/jsp-api-2.1.jar:/home/g2/.m2/repository/javax/servlet/jstl/1.2/jstl-1.2.jar:/home/g2/.m2/repository/junit/junit/4.7/junit-4.7.jar:"/>
    <property name="java.specification.name" value="Java Platform API Specification"/>
    <property name="java.class.version" value="50.0"/>
    <property name="sun.management.compiler" value="HotSpot Tiered Compilers"/>
    <property name="os.version" value="2.6.32-24-generic-pae"/>
    <property name="user.home" value="/home/g2"/>
    <property name="user.timezone" value=""/>
    <property name="java.awt.printerjob" value="sun.print.PSPrinterJob"/>
    <property name="file.encoding" value="UTF-8"/>
    <property name="java.specification.version" value="1.6"/>
    <property name="user.name" value="g2"/>
    <property name="java.class.path" value="/home/g2/project/org/local/java/spring-restful-app-mvn/spring-restful-app-mvn/target/test-classes:/home/g2/project/org/local/java/spring-restful-app-mvn/spring-restful-app-mvn/target/classes:/home/g2/.m2/repository/org/springframework/spring-context/3.0.3.RELEASE/spring-context-3.0.3.RELEASE.jar:/home/g2/.m2/repository/org/springframework/spring-aop/3.0.3.RELEASE/spring-aop-3.0.3.RELEASE.jar:/home/g2/.m2/repository/aopalliance/aopalliance/1.0/aopalliance-1.0.jar:/home/g2/.m2/repository/org/springframework/spring-asm/3.0.3.RELEASE/spring-asm-3.0.3.RELEASE.jar:/home/g2/.m2/repository/org/springframework/spring-beans/3.0.3.RELEASE/spring-beans-3.0.3.RELEASE.jar:/home/g2/.m2/repository/org/springframework/spring-core/3.0.3.RELEASE/spring-core-3.0.3.RELEASE.jar:/home/g2/.m2/repository/org/springframework/spring-expression/3.0.3.RELEASE/spring-expression-3.0.3.RELEASE.jar:/home/g2/.m2/repository/org/springframework/spring-webmvc/3.0.3.RELEASE/spring-webmvc-3.0.3.RELEASE.jar:/home/g2/.m2/repository/org/springframework/spring-context-support/3.0.3.RELEASE/spring-context-support-3.0.3.RELEASE.jar:/home/g2/.m2/repository/org/springframework/spring-web/3.0.3.RELEASE/spring-web-3.0.3.RELEASE.jar:/home/g2/.m2/repository/org/springframework/spring-oxm/3.0.3.RELEASE/spring-oxm-3.0.3.RELEASE.jar:/home/g2/.m2/repository/org/slf4j/slf4j-api/1.5.10/slf4j-api-1.5.10.jar:/home/g2/.m2/repository/org/slf4j/jcl-over-slf4j/1.5.10/jcl-over-slf4j-1.5.10.jar:/home/g2/.m2/repository/org/slf4j/slf4j-log4j12/1.5.10/slf4j-log4j12-1.5.10.jar:/home/g2/.m2/repository/log4j/log4j/1.2.16/log4j-1.2.16.jar:/home/g2/.m2/repository/javax/validation/validation-api/1.0.0.GA/validation-api-1.0.0.GA.jar:/home/g2/.m2/repository/org/hibernate/hibernate-validator/4.0.2.GA/hibernate-validator-4.0.2.GA.jar:/home/g2/.m2/repository/javax/xml/bind/jaxb-api/2.1/jaxb-api-2.1.jar:/home/g2/.m2/repository/javax/xml/stream/stax-api/1.0-2/stax-api-1.0-2.jar:/home/g2/.m2/repository/javax/activation/activation/1.1/activation-1.1.jar:/home/g2/.m2/repository/com/sun/xml/bind/jaxb-impl/2.1.3/jaxb-impl-2.1.3.jar:/home/g2/.m2/repository/joda-time/joda-time/1.6/joda-time-1.6.jar:/home/g2/.m2/repository/joda-time/joda-time-jsptags/1.0.2/joda-time-jsptags-1.0.2.jar:/home/g2/.m2/repository/org/tuckey/urlrewritefilter/3.1.0/urlrewritefilter-3.1.0.jar:/home/g2/.m2/repository/javax/servlet/servlet-api/2.5/servlet-api-2.5.jar:/home/g2/.m2/repository/javax/servlet/jsp/jsp-api/2.1/jsp-api-2.1.jar:/home/g2/.m2/repository/javax/servlet/jstl/1.2/jstl-1.2.jar:/home/g2/.m2/repository/junit/junit/4.7/junit-4.7.jar:"/>
    <property name="java.vm.specification.version" value="1.0"/>
    <property name="sun.arch.data.model" value="32"/>
    <property name="java.home" value="/home/g2/opt/jdk1.6.0_20/jre"/>
    <property name="java.specification.vendor" value="Sun Microsystems Inc."/>
    <property name="user.language" value="en"/>
    <property name="java.vm.info" value="mixed mode"/>
    <property name="java.version" value="1.6.0_20"/>
    <property name="java.ext.dirs" value="/home/g2/opt/jdk1.6.0_20/jre/lib/ext:/usr/java/packages/lib/ext"/>
    <property name="sun.boot.class.path" value="/home/g2/opt/jdk1.6.0_20/jre/lib/resources.jar:/home/g2/opt/jdk1.6.0_20/jre/lib/rt.jar:/home/g2/opt/jdk1.6.0_20/jre/lib/sunrsasign.jar:/home/g2/opt/jdk1.6.0_20/jre/lib/jsse.jar:/home/g2/opt/jdk1.6.0_20/jre/lib/jce.jar:/home/g2/opt/jdk1.6.0_20/jre/lib/charsets.jar:/home/g2/opt/jdk1.6.0_20/jre/classes"/>
    <property name="java.vendor" value="Sun Microsystems Inc."/>
    <property name="localRepository" value="/home/g2/.m2/repository"/>
    <property name="file.separator" value="/"/>
    <property name="java.vendor.url.bug" value="http://java.sun.com/cgi-bin/bugreport.cgi"/>
    <property name="sun.cpu.endian" value="little"/>
    <property name="sun.io.unicode.encoding" value="UnicodeLittle"/>
    <property name="sun.desktop" value="gnome"/>
    <property name="sun.cpu.isalist" value=""/>
  </properties>
  <testcase time="0.022" classname="junit.framework.TestSuite$1" name="warning">
    <failure message="No tests found in dw.spring3.rest.bean.EmployeeTest" type="junit.framework.AssertionFailedError">junit.framework.AssertionFailedError: No tests found in dw.spring3.rest.bean.EmployeeTest
	at junit.framework.Assert.fail(Assert.java:47)
	at junit.framework.TestSuite$1.runTest(TestSuite.java:97)
	at junit.framework.TestCase.runBare(TestCase.java:134)
	at junit.framework.TestResult$1.protect(TestResult.java:110)
	at junit.framework.TestResult.runProtected(TestResult.java:128)
	at junit.framework.TestResult.run(TestResult.java:113)
	at junit.framework.TestCase.run(TestCase.java:124)
	at junit.framework.TestSuite.runTest(TestSuite.java:232)
	at junit.framework.TestSuite.run(TestSuite.java:227)
	at org.junit.internal.runners.JUnit38ClassRunner.run(JUnit38ClassRunner.java:83)
	at org.apache.maven.surefire.junit4.JUnit4TestSet.execute(JUnit4TestSet.java:62)
	at org.apache.maven.surefire.suite.AbstractDirectoryTestSuite.executeTestSet(AbstractDirectoryTestSuite.java:140)
	at org.apache.maven.surefire.suite.AbstractDirectoryTestSuite.execute(AbstractDirectoryTestSuite.java:127)
	at org.apache.maven.surefire.Surefire.run(Surefire.java:177)
	at sun.reflect.NativeMethodAccessorImpl.invoke0(Native Method)
	at sun.reflect.NativeMethodAccessorImpl.invoke(NativeMethodAccessorImpl.java:39)
	at sun.reflect.DelegatingMethodAccessorImpl.invoke(DelegatingMethodAccessorImpl.java:25)
	at java.lang.reflect.Method.invoke(Method.java:597)
	at org.apache.maven.surefire.booter.SurefireBooter.runSuitesInProcess(SurefireBooter.java:345)
	at org.apache.maven.surefire.booter.SurefireBooter.main(SurefireBooter.java:1009)
</failure>
  </testcase>
</testsuite>